Testing Youtube...
90522.30006170273s

Testing Flickr...
7694.609425783157s

Testing DBLP...
4823.4743139743805s

Testing Facebook...
0.6775786876678467s
0.6430244445800781s
0.5338563919067383s
0.5320420265197754s
0.5328860282897949s
0.524463415145874s
0.5339336395263672s
0.5251083374023438s
0.5257129669189453s
0.536013126373291s

Testing Artist...
214.6501498222351s
254.68533563613892s
259.4428141117096s
230.41118240356445s
254.77088594436646s
238.23264479637146s
222.07481288909912s
237.06178331375122s
232.61005806922913s
197.28104186058044s

Testing Politician...
1.7019016742706299s
1.7239792346954346s
1.6935865879058838s
1.6889622211456299s
1.6929023265838623s
1.7052042484283447s
1.6859416961669922s
1.6820049285888672s
1.7121002674102783s
1.695040225982666s